
ROM used:   912/32768 (3%)
            912/32768 (3%) including unused fragments

            0.8 Average locations per line
            8.1 Average locations per statement

RAM used:   6/2048 (0%) at main() level
            18/2048 (1%) worst case

Stack used: 4 worst case (4 in main + 0 for interrupts)
Stack size: 31

Lines Stmts  %   Files
----- ----- ---  -----
  105    49  44  logo univalle.c
  841     0   0  C:\Program Files (x86)\PICC\Devices\18F4550.H
  181    63  56  Mi_LCD.c
----- -----
 1127   112 Total

Page ROM  %  RAM    Vol Diff  Functions:
---- --- --- ---    --- ----  ----------
0     40   2    1             @delay_ms1
0     20   1    0             @const634
0     56   3    3    463  4.3  lcd_read_byte
0     24   1    1    134  2.2  lcd_send_nibble
0     54   3    3    317  4.3  lcd_send_byte
0     78   4    2    422  4.7  lcd_init
0     34   2    4    186  5.5  lcd_gotoxy
0     68   4    1    272  4.1  lcd_putc
0    480  26    0   2124  2.0  main
0     12   1    0             @const663
0     32   2    2             @PSTRINGC_654
0     10   1    0             @const668
 Inline         0             @cinit1

Program metrics:
    Functions               7
    Statements              112
    Comments                277
    Volume (V)              5426
    Difficulty (D)          26.9
    Effort to implement (E) 145943
    Time to implement (T)   2 hours, 15 minutes
    Est Delivered Bugs (B)  1
    Cyclomatic Complexity   7
    Maintainability (MI)    76

 Segment     Used  Free
-----------  ----  ----
00000-00002     4  0  
00004-07FFE   908  31856  



