
ROM used:   4446/16384 (14%)
            4446/16384 (14%) including unused fragments

            3.4 Average locations per line
            18.3 Average locations per statement

RAM used:   25/2048 (1%) at main() level
            47/2048 (2%) worst case

Stack used: 5 worst case (5 in main + 0 for interrupts)
Stack size: 31

Lines Stmts  %   Files
----- ----- ---  -----
  232   141  58  main.c
  821     0   0  ..\..\..\..\Program Files (x86)\PICC\Devices\18F4550.H
  181    63  26  Mi_LCD.c
   72    39  16  Mi_Teclado.c
----- -----
 1306   243 Total

Page ROM  %  RAM   Vol Diff  Functions:
---- --- --- ---   --- ----  ----------
0     40   0    1             @delay_ms1
0     20   0    0             @const641
0     56   1    3   463  4.3  lcd_read_byte
0     24   0    1   134  2.2  lcd_send_nibble
0     54   1    3   317  4.3  lcd_send_byte
0     88   1    2   422  4.7  lcd_init
0     34   0    4   186  5.5  lcd_gotoxy
0     66   1    1   272  4.1  lcd_putc
0    224   3    1  1337  3.9  kbd_getc
0   1782  20    7  6835  8.0  MAIN
0    242   3   11             @MULFF
0     54   1    2             @ITOF
0    618   7   16             @ADDFF
0     40   0    3             @DIV88
0    170   2    6             @PRINTF_D_662
0     64   1    5             @FTOSD
0    142   2   13             @DIV3232
0    376   4   13             @PRINTF_L32D_662FPFPF
0    348   4   14             @DIVFF
 Inline         0             @cinit1

Program metrics:
    Functions               8
    Statements              243
    Comments                232
    Volume (V)              12720
    Difficulty (D)          36.9
    Effort to implement (E) 469609
    Time to implement (T)   7 hours, 15 minutes
    Est Delivered Bugs (B)  2
    Cyclomatic Complexity   46
    Maintainability (MI)    120

 Segment     Used  Free
-----------  ----  ----
00000-00002     4  0  
00004-07FFE  4442  28322  



