
ROM used:   162/32768 (0%)
            162/32768 (0%) including unused fragments

            0.2 Average locations per line
            16.2 Average locations per statement

RAM used:   16/2048 (1%) at main() level
            16/2048 (1%) worst case

Stack used: 0 worst case (0 in main + 0 for interrupts)
Stack size: 31

Lines Stmts  %   Files
----- ----- ---  -----
   21    10 100  segmentos.c
  837     0   0  ..\..\..\..\..\..\Program Files (x86)\PICC\Devices\18F4550.H
----- -----
  858    10 Total

Page ROM  %  RAM    Vol Diff  Functions:
---- --- --- ---    --- ----  ----------
0     42  13    1             @delay_ms1
0    116  36   12    395  5.3  main
 Inline         0             @cinit1

Program metrics:
    Functions               1
    Statements              10
    Comments                153
    Volume (V)              400
    Difficulty (D)          5.0
    Effort to implement (E) 2016
    Time to implement (T)   2 minutes
    Est Delivered Bugs (B)  0
    Cyclomatic Complexity   1
    Maintainability (MI)    118

 Segment     Used  Free
-----------  ----  ----
00000-00002     4  0  
00004-07FFE   158  32606  



